<?xml version="1.0" encoding="UTF-8"?>
<Repository xmlns="http://www.openarchives.org/OAI/2.0/static-repository"
	xmlns:dc="http://purl.org/dc/elements/1.1/" xmlns:dct="http://purl.org/dc/terms/"
	xmlns:oai="http://www.openarchives.org/OAI/2.0/"
	xmlns:olac="http://www.language-archives.org/OLAC/1.0/"
	xmlns:xsi="http://www.w3.org/2001/XMLSchema-instance"
	xsi:schemaLocation="http://www.openarchives.org/OAI/2.0/static-repository 
                                http://www.language-archives.org/OLAC/1.0/static-repository.xsd
                                http://www.language-archives.org/OLAC/1.0/
                                http://www.language-archives.org/OLAC/1.0/olac.xsd
                                http://purl.org/dc/elements/1.1/
                                http://dublincore.org/schemas/xmls/qdc/2006/01/06/dc.xsd
                                http://purl.org/dc/terms/
                                http://dublincore.org/schemas/xmls/qdc/2006/01/06/dcterms.xsd">

	<!-- This document is valid according to both of the following schemas:
       http://www.openarchives.org/OAI/2.0/static-repository.xsd
       http://www.language-archives.org/OLAC/1.0/static-repository.xsd
  -->


	<Identify>
		<oai:repositoryName>Test Archive</oai:repositoryName>
		<oai:baseURL>http://www.sil.org/~simonsg/test-archive.xml</oai:baseURL>
		<oai:protocolVersion>2.0</oai:protocolVersion>
		<oai:adminEmail>mailto:olac_project@gial.edu</oai:adminEmail>
		<oai:earliestDatestamp>2007-11-21</oai:earliestDatestamp>
		<oai:deletedRecord>no</oai:deletedRecord>
		<oai:granularity>YYYY-MM-DD</oai:granularity>
		<oai:description>
			<oai-identifier xmlns="http://www.openarchives.org/OAI/2.0/oai-identifier"
				xsi:schemaLocation="
          http://www.openarchives.org/OAI/2.0/oai-identifier
          http://www.openarchives.org/OAI/2.0/oai-identifier.xsd">
				<scheme>oai</scheme>
				<repositoryIdentifier>test-archive.gial.edu</repositoryIdentifier>
				<delimiter>:</delimiter>
				<sampleIdentifier>oai:test-archive.gial.edu:01</sampleIdentifier>
			</oai-identifier>
		</oai:description>
		<oai:description>
			<olac-archive type="institutional"
				xmlns="http://www.language-archives.org/OLAC/1.0/olac-archive"
				xsi:schemaLocation="
        http://www.language-archives.org/OLAC/1.0/olac-archive
        http://www.language-archives.org/OLAC/1.0/olac-archive.xsd">
				<archiveURL>http://www.gial.edu/test-archive.xml</archiveURL>
				<curator>Debbie Chang</curator>
				<curatorTitle/>
				<curatorEmail>mailto:olac_project@gial.edu</curatorEmail>
				<institution>Graduate Institute of Applied Linguistics</institution>
				<institutionURL>http://www.gial.edu</institutionURL>
				<shortLocation>Dallas, Texas, USA</shortLocation>
				<location>International Linguistics Center, 7500 W Camp Wisdom Rd, Dallas, TX 75236, USA</location>
				<synopsis>This is a test archive.
        </synopsis>
				<access>No data to access. </access>
			</olac-archive>
		</oai:description>
	</Identify>

	<ListMetadataFormats>

		<oai:metadataFormat>
			<oai:metadataPrefix>olac</oai:metadataPrefix>
			<oai:schema>http://www.language-archives.org/OLAC/1.0/olac.xsd</oai:schema>
			<oai:metadataNamespace>http://www.language-archives.org/OLAC/1.0/ </oai:metadataNamespace>
		</oai:metadataFormat>

	</ListMetadataFormats>

	<ListRecords metadataPrefix="olac">
		<oai:record>
			<oai:header>
				<oai:identifier>oai:test-archive.gial.edu:01</oai:identifier>
				<oai:datestamp>2004-07-06</oai:datestamp>
			</oai:header>
			<oai:metadata>
				<olac:olac>
					<dc:title>Test Archive.</dc:title>
					<dc:creator>Evans, Nicholas D.</dc:creator>
					<dc:date xsi:type="dct:W3CDTF">2007</dc:date>
					<dc:subject>Kayardild grammar</dc:subject>
					<dc:subject olac:code="x-sil-GYD" xsi:type="olac:language">Kayardild</dc:subject>
					<dc:subject olac:code="en" xsi:type="olac:language">English</dc:subject>
					<dc:description>Kayardild Grammar (ISBN 3110127954)</dc:description>
					<dc:publisher>Berlin - Mouton de Gruyter</dc:publisher>
					<dc:contributor olac:code="author" xsi:type="olac:role">Nicholas Evans</dc:contributor>
					<dc:format>hardcover, 837 pages</dc:format>
					<dc:relation>related to ISBN 0646119966</dc:relation>
					<dc:coverage>Australia</dc:coverage>
				</olac:olac>
			</oai:metadata>
		</oai:record>

		<oai:record>
			<oai:header>
				<oai:identifier>oai:test-archive.gial.edu:02</oai:identifier>
				<oai:datestamp>2004-07-06</oai:datestamp>
			</oai:header>
			<oai:metadata>
				<olac:olac>
					<dc:title>Kayardild dictionary and thesaurus : a vocabulary of the language of the
						Bentinck Islanders, North-West Queensland </dc:title>
					<dc:creator>Nicholas Evans</dc:creator>
					<dc:subject>Kayardild dictionary and thesaurus</dc:subject>
					<dc:subject olac:code="x-sil-GYD" xsi:type="olac:language">Kayardild</dc:subject>
					<dc:description>Kayardild dictionary and thesaurus (ISBN 0646119966) </dc:description>
					<dct:abstract>This is a test archive.</dct:abstract>
					<dc:publisher>Parkville, Vic., Australia. University of Melbourne, Dept. of Linguistics
						and Language Studies.</dc:publisher>
					<dc:contributor olac:code="researcher" xsi:type="olac:role">Nicholas Evans</dc:contributor>
					<dc:contributor olac:code="researcher" xsi:type="olac:role">Penny Johnson</dc:contributor>
					<dc:contributor olac:code="researcher" xsi:type="olac:role">Marbuk Kohler</dc:contributor>
					<dc:contributor olac:code="researcher" xsi:type="olac:role">Ken Hale</dc:contributor>
					<dc:format>format: xiv, 334 p. : ill. ; 24 cm</dc:format>
					<dc:relation>related to ISBN 3110127954</dc:relation>
					<dc:coverage xsi:type="dct:TGN">Australia</dc:coverage>
				</olac:olac>
			</oai:metadata>
		</oai:record>

	</ListRecords>
</Repository>
